<?xml version="1.0" encoding="UTF-8"?>
<testsuite xmlns:xsi="http://www.w3.org/2001/XMLSchema-instance" xsi:noNamespaceSchemaLocation="https://maven.apache.org/surefire/maven-surefire-plugin/xsd/surefire-test-report-3.0.xsd" version="3.0" name="TestSuite" time="44.07" tests="7" errors="0" skipped="0" failures="0">
  <properties>
[...]
</properties>
  <testcase name="runScenario[&quot;Validate Successful Submission - Specific Data&quot;, &quot;Optional[WebDriver University - Contact Us Page]&quot;](1)" classname="runners.MainRunner" time="20.625">
    <system-out><![CDATA[
@contact-us @regression
Scenario: Validate Successful Submission - Unique Data                       # features/ContactUs.feature:8

@contact-us @regression
Scenario: Validate Successful Submission - Specific Data                     # features/ContactUs.feature:17
  Given I access the webdriver university contact us page                    # stepDefinitions.ContactUsSteps.i_access_the_webdriver_university_contact_us_page()
  Given I access the webdriver university contact us page                    # stepDefinitions.ContactUsSteps.i_access_the_webdriver_university_contact_us_page()
  When I enter a specific first name sarah                                   # stepDefinitions.ContactUsSteps.i_enter_a_specific_first_name(java.lang.String)
  When I enter a unique first name                                           # stepDefinitions.ContactUsSteps.i_enter_a_unique_first_name()
  And I enter a specific last name woods                                     # stepDefinitions.ContactUsSteps.i_enter_a_specific_last_name(java.lang.String)
  And I enter a unique last name                                             # stepDefinitions.ContactUsSteps.i_enter_a_unique_last_name()
  And I enter a specific email address sarah_woods123@mail.com               # stepDefinitions.ContactUsSteps.i_enter_a_specific_email_address(java.lang.String)
  And I enter a unique email address                                         # stepDefinitions.ContactUsSteps.i_enter_a_unique_email_address()
  And I enter a specific comment "How are you today?"                        # stepDefinitions.ContactUsSteps.i_enter_a_specific_comment(java.lang.String)
  And I enter a unique comment                                               # stepDefinitions.ContactUsSteps.i_enter_a_unique_comment()
  And I click on the submit button                                           # stepDefinitions.ContactUsSteps.i_click_on_the_submit_button()
  Then I should be presented with a successful contact us submission message # stepDefinitions.ContactUsSteps.i_should_be_presented_with_a_successful_contact_us_submission_message()
]]></system-out>
    <system-err><![CDATA[SLF4J: Failed to load class "org.slf4j.impl.StaticLoggerBinder".
SLF4J: Defaulting to no-operation (NOP) logger implementation
SLF4J: See http://www.slf4j.org/codes.html#StaticLoggerBinder for further details.
Starting ChromeDriver 96.0.4664.45 (76e4c1bb2ab4671b8beba3444e61c0f17584b2fc-refs/branch-heads/4664@{#947}) on port 60020
Only local connections are allowed.
Please see https://chroSmteadrrtinigv eCrh.crhormoemDiriumve.ro r9g6/.s0e.c4u6r6i4t.y45- c(o7n6sei4dce1rabtbi2oanbs4 6for7 1sbu8gbgeebsat3io4n4s4 oen6 1kcee0pfi1ng7 5C8hr4bo2fmce-Drrievfesr/ sbrafaen.ch
-heads/4664@{#947}) on port 65473
Only local connections are allowed.
Please see https://chromedriver.chromium.org/security-considerations for suggestions on keeping ChromeDriver safe.
CChhrroommeeDDrriivveerr  wwaass  ssttaartrtede sdu cscuecscsessffuullllyy..

Jan 09, 2022 8:40:55 PM org.openqa.selenium.remote.ProtocolHandshake createSession
INFO: Detected dialect: W3C
Jan 09, 2022 8:40:55 PM org.openqa.selenium.remote.ProtocolHandshake createSession
INFO: Detected dialect: W3C
Jan 09, 2022 8:40:57 PM org.openqa.selenium.devtools.CdpVersionFinder findNearestMatch
INFO: Found exact CDP implementation for version 96
Jan 09, 2022 8:40:57 PM org.openqa.selenium.devtools.CdpVersionFinder findNearestMatch
INFO: Found exact CDP implementation for version 96
]]></system-err>
  </testcase>
  <testcase name="runScenario[&quot;Validate Successful Submission - Unique Data&quot;, &quot;Optional[WebDriver University - Contact Us Page]&quot;](2)" classname="runners.MainRunner" time="1.904">
    <system-out><![CDATA[
@login @regression
Scenario: Validate Successful Login                            # features/Login.feature:8
  And I click on the submit button                                           # stepDefinitions.ContactUsSteps.i_click_on_the_submit_button()
  Then I should be presented with a successful contact us submission message # stepDefinitions.ContactUsSteps.i_should_be_presented_with_a_successful_contact_us_submission_message()
]]></system-out>
    <system-err><![CDATA[Starting ChromeDriver 96.0.4664.45 (76e4c1bb2ab4671b8beba3444e61c0f17584b2fc-refs/branch-heads/4664@{#947}) on port 60193
Only local connections are allowed.
Please see https://chromedriver.chromium.org/security-considerations for suggestions on keeping ChromeDriver safe.
ChromeDriver was started successfully.
]]></system-err>
  </testcase>
  <testcase name="runScenario[&quot;Validate Successful Login&quot;, &quot;Optional[WebDriver University - Login Page]&quot;](3)" classname="runners.MainRunner" time="7.209">
    <system-out><![CDATA[
@login @regression
Scenario: Validate Unsuccessful Login                            # features/Login.feature:14
  Given I access the webdriver university login page           # stepDefinitions.LoginSteps.i_access_the_webdriver_university_login_page()
  When I enter a username webdriver                            # stepDefinitions.LoginSteps.i_enter_a_username(java.lang.String)
  And I enter a password webdriver123                          # stepDefinitions.LoginSteps.i_enter_a_password(java.lang.String)
  And I click on the login button                              # stepDefinitions.LoginSteps.i_click_on_the_login_button()
  Then I should be presented with the successful login message # stepDefinitions.LoginSteps.i_should_be_presented_with_the_successful_login_message()
]]></system-out>
    <system-err><![CDATA[Jan 09, 2022 8:41:07 PM org.openqa.selenium.remote.ProtocolHandshake createSession
INFO: Detected dialect: W3C
Starting ChromeDriver 96.0.4664.45 (76e4c1bb2ab4671b8beba3444e61c0f17584b2fc-refs/branch-heads/4664@{#947}) on port 56443
Only local connections are allowed.
Please see https://chromedriver.chromium.org/security-considerations for suggestions on keeping ChromeDriver safe.
Jan 09, 2022 8:41:07 PM org.openqa.selenium.devtools.CdpVersionFinder findNearestMatch
INFO: Found exact CDP implementation for version 96
ChromeDriver was started successfully.
Jan 09, 2022 8:41:09 PM org.openqa.selenium.remote.ProtocolHandshake createSession
INFO: Detected dialect: W3C
Jan 09, 2022 8:41:09 PM org.openqa.selenium.devtools.CdpVersionFinder findNearestMatch
INFO: Found exact CDP implementation for version 96
]]></system-err>
  </testcase>
  <testcase name="runScenario[&quot;Validate Unsuccessful Login&quot;, &quot;Optional[WebDriver University - Login Page]&quot;](4)" classname="runners.MainRunner" time="3.737">
    <system-out><![CDATA[
@login @regression
Scenario Outline: Validate - Successful & Unsuccessful Login                                  # features/Login.feature:28
  Given I access the webdriver university login page             # stepDefinitions.LoginSteps.i_access_the_webdriver_university_login_page()
  When I enter a username webdriver                              # stepDefinitions.LoginSteps.i_enter_a_username(java.lang.String)
  And I enter a password password123                             # stepDefinitions.LoginSteps.i_enter_a_password(java.lang.String)
  And I click on the login button                                # stepDefinitions.LoginSteps.i_click_on_the_login_button()
  Then I should be presented with the unsuccessful login message # stepDefinitions.LoginSteps.i_should_be_presented_with_the_unsuccessful_login_message()
]]></system-out>
    <system-err><![CDATA[Starting ChromeDriver 96.0.4664.45 (76e4c1bb2ab4671b8beba3444e61c0f17584b2fc-refs/branch-heads/4664@{#947}) on port 50563
Only local connections are allowed.
Please see https://chromedriver.chromium.org/security-considerations for suggestions on keeping ChromeDriver safe.
ChromeDriver was started successfully.
Jan 09, 2022 8:41:17 PM org.openqa.selenium.remote.ProtocolHandshake createSession
INFO: Detected dialect: W3C
Jan 09, 2022 8:41:17 PM org.openqa.selenium.devtools.CdpVersionFinder findNearestMatch
INFO: Found exact CDP implementation for version 96
]]></system-err>
  </testcase>
  <testcase name="runScenario[&quot;Validate - Successful &amp; Unsuccessful Login&quot;, &quot;Optional[WebDriver University - Login Page]&quot;](5)" classname="runners.MainRunner" time="5.305">
    <system-out><![CDATA[
@login @regression
Scenario Outline: Validate - Successful & Unsuccessful Login                               # features/Login.feature:29
  Given I access the webdriver university login page                                          # stepDefinitions.LoginSteps.i_access_the_webdriver_university_login_page()
  When I enter a username webdriver                                                           # stepDefinitions.LoginSteps.i_enter_a_username(java.lang.String)
  And I enter a password webdriver123                                                         # stepDefinitions.LoginSteps.i_enter_a_password(java.lang.String)
  And I click on the login button                                                             # stepDefinitions.LoginSteps.i_click_on_the_login_button()
  Then I should be presented with the following login validation message validation succeeded # stepDefinitions.LoginSteps.i_should_be_presented_with_the_following_login_validation_message(java.lang.String)
  Given I access the webdriver university login page                                       # stepDefinitions.LoginSteps.i_access_the_webdriver_university_login_page()
  When I enter a username webdriver                                                        # stepDefinitions.LoginSteps.i_enter_a_username(java.lang.String)
  And I enter a password webdriver1                                                        # stepDefinitions.LoginSteps.i_enter_a_password(java.lang.String)
  And I click on the login button                                                          # stepDefinitions.LoginSteps.i_click_on_the_login_button()
  Then I should be presented with the following login validation message validation failed # stepDefinitions.LoginSteps.i_should_be_presented_with_the_following_login_validation_message(java.lang.String)
]]></system-out>
    <system-err><![CDATA[Starting ChromeDriver 96.0.4664.45 (76e4c1bb2ab4671b8beba3444e61c0f17584b2fc-refs/branch-heads/4664@{#947}) on port 50490
Only local connections are allowed.
Please see https://chromedriver.chromium.org/security-considerations for suggestions on keeping ChromeDriver safe.
ChromeDriver was started successfully.
Jan 09, 2022 8:41:20 PM org.openqa.selenium.remote.ProtocolHandshake createSession
INFO: Detected dialect: W3C
Jan 09, 2022 8:41:20 PM org.openqa.selenium.devtools.CdpVersionFinder findNearestMatch
INFO: Found exact CDP implementation for version 96
]]></system-err>
  </testcase>
  <testcase name="runScenario[&quot;Validate - Successful &amp; Unsuccessful Login&quot;, &quot;Optional[WebDriver University - Login Page]&quot;](6)" classname="runners.MainRunner" time="0.087">
    <system-out><![CDATA[
@login @regression
Scenario Outline: Validate - Successful & Unsuccessful Login                               # features/Login.feature:30
]]></system-out>
  </testcase>
  <testcase name="runScenario[&quot;Validate - Successful &amp; Unsuccessful Login&quot;, &quot;Optional[WebDriver University - Login Page]&quot;](7)" classname="runners.MainRunner" time="3.092">
    <system-out><![CDATA[  Given I access the webdriver university login page                                       # stepDefinitions.LoginSteps.i_access_the_webdriver_university_login_page()
  When I enter a username joe_blogs                                                        # stepDefinitions.LoginSteps.i_enter_a_username(java.lang.String)
  And I enter a password password1                                                         # stepDefinitions.LoginSteps.i_enter_a_password(java.lang.String)
  And I click on the login button                                                          # stepDefinitions.LoginSteps.i_click_on_the_login_button()
  Then I should be presented with the following login validation message validation failed # stepDefinitions.LoginSteps.i_should_be_presented_with_the_following_login_validation_message(java.lang.String)
]]></system-out>
    <system-err><![CDATA[Starting ChromeDriver 96.0.4664.45 (76e4c1bb2ab4671b8beba3444e61c0f17584b2fc-refs/branch-heads/4664@{#947}) on port 61218
Only local connections are allowed.
Please see https://chromedriver.chromium.org/security-considerations for suggestions on keeping ChromeDriver safe.
ChromeDriver was started successfully.
Jan 09, 2022 8:41:24 PM org.openqa.selenium.remote.ProtocolHandshake createSession
INFO: Detected dialect: W3C
Jan 09, 2022 8:41:24 PM org.openqa.selenium.devtools.CdpVersionFinder findNearestMatch
INFO: Found exact CDP implementation for version 96
]]></system-err>
  </testcase>
</testsuite>