<?xml version="1.0" encoding="UTF-8"?>
<testsuite xmlns:xsi="http://www.w3.org/2001/XMLSchema-instance" xsi:noNamespaceSchemaLocation="https://maven.apache.org/surefire/maven-surefire-plugin/xsd/surefire-test-report-3.0.xsd" version="3.0" name="TestSuite" time="41.201" tests="8" errors="0" skipped="0" failures="2">
  <properties>
[...]
</properties>
  <testcase name="setUpClass[org.testng.TestRunner@14d9d3ea](0)" classname="runners.FailedRunner" time="0.925">
    <failure message="Failed to parse &apos;target\failed_test.txt&apos;" type="io.cucumber.core.exception.CucumberException"><![CDATA[io.cucumber.core.exception.CucumberException: Failed to parse 'target\failed_test.txt'
Caused by: java.nio.file.NoSuchFileException: target\failed_test.txt
]]></failure>
  </testcase>
  <testcase name="runScenario[&quot;Validate Successful Submission - Unique Data&quot;, &quot;Optional[WebDriver University - Contact Us Page]&quot;](1)" classname="runners.MainRunner" time="9.294">
    <system-out><![CDATA[
@contact-us @regression
Scenario: Validate Successful Submission - Unique Data                       # features/ContactUs.feature:8

@contact-us @regression
Scenario: Validate Successful Submission - Specific Data                     # features/ContactUs.feature:17
  Given I access the webdriver university contact us page                    # stepDefinitions.ContactUsSteps.i_access_the_webdriver_university_contact_us_page()
  When I enter a unique first name                                           # stepDefinitions.ContactUsSteps.i_enter_a_unique_first_name()
  And I enter a unique last name                                             # stepDefinitions.ContactUsSteps.i_enter_a_unique_last_name()
  And I enter a unique email address                                         # stepDefinitions.ContactUsSteps.i_enter_a_unique_email_address()
  And I enter a unique comment                                               # stepDefinitions.ContactUsSteps.i_enter_a_unique_comment()
  Given I access the webdriver university contact us page                    # stepDefinitions.ContactUsSteps.i_access_the_webdriver_university_contact_us_page()
  When I enter a specific first name sarah                                   # stepDefinitions.ContactUsSteps.i_enter_a_specific_first_name(java.lang.String)
  And I enter a specific last name woods                                     # stepDefinitions.ContactUsSteps.i_enter_a_specific_last_name(java.lang.String)
  And I enter a specific email address sarah_woods123@mail.com               # stepDefinitions.ContactUsSteps.i_enter_a_specific_email_address(java.lang.String)
  And I enter a specific comment "How are you today?"                        # stepDefinitions.ContactUsSteps.i_enter_a_specific_comment(java.lang.String)
  And I click on the submit button                                           # stepDefinitions.ContactUsSteps.i_click_on_the_submit_button()
  Then I should be presented with a successful contact us submission message # stepDefinitions.ContactUsSteps.i_should_be_presented_with_a_successful_contact_us_submission_message()
]]></system-out>
    <system-err><![CDATA[SLF4J: Failed to load class "org.slf4j.impl.StaticLoggerBinder".
SLF4J: Defaulting to no-operation (NOP) logger implementation
SLF4J: See http://www.slf4j.org/codes.html#StaticLoggerBinder for further details.
Starting ChromeDriver 96.0.4664.45 (76e4c1bb2ab4671b8beba3444e61c0f17584b2fc-refs/branch-heads/4664@{#947}) on port 55731
Only local connections are allowed.
Please see https://chromedriver.chromium.org/security-considerations for suggestions on keeping ChromeDriver safe.
Starting ChromeDriver 96.0.4664.45 (76e4c1bb2ab4671b8beba3444e61c0f17584b2fc-Crherfosm/ebDrriavnecrh -whaesa dsst/a46r6te4d@{ #su94cc7e}s)s founl lpyo.rt
 49842
Only local connections are allowed.
Please see https://chromedriver.chromium.org/security-considerations for suggestions on keeping ChromeDriver safe.
ChromeDriver was started successfully.
[1641902704.356][WARNING]: This version of ChromeDriver has not been tested with Chrome version 97.
[1641902704.745][WARNING]: This version of ChromeDriver has not been tested with Chrome version 97.
Jan 11, 2022 5:35:05 PM org.openqa.selenium.remote.ProtocolHandshake createSession
INFO: Detected dialect: W3C
Jan 11, 2022 5:35:05 PM org.openqa.selenium.remote.ProtocolHandshake createSession
INFO: Detected dialect: W3C
Jan 11, 2022 5:35:05 PM org.openqa.selenium.devtools.CdpVersionFinder findNearestMatch
WARNING: Unable to find an exact match for CDP version 97, so returning the closest version found: 96
Jan 11, 2022 5:35:05 PM org.openqa.selenium.devtools.CdpVersionFinder findNearestMatch
WARNING: Unable to find an exact match for CDP version 97, so returning the closest version found: 96
Jan 11, 2022 5:35:05 PM org.openqa.selenium.devtools.CdpVersionFinder findNearestMatch
INFO: Found CDP implementation for version 97 of 96
Jan 11, 2022 5:35:05 PM org.openqa.selenium.devtools.CdpVersionFinder findNearestMatch
INFO: Found CDP implementation for version 97 of 96
]]></system-err>
  </testcase>
  <testcase name="runScenario[&quot;Validate Successful Submission - Specific Data&quot;, &quot;Optional[WebDriver University - Contact Us Page]&quot;](2)" classname="runners.MainRunner" time="5.184">
    <system-out><![CDATA[
@login @regression
Scenario: Validate Successful Login                            # features/Login.feature:8
  And I click on the submit button                                           # stepDefinitions.ContactUsSteps.i_click_on_the_submit_button()
  Then I should be presented with a successful contact us submission message # stepDefinitions.ContactUsSteps.i_should_be_presented_with_a_successful_contact_us_submission_message()
]]></system-out>
    <system-err><![CDATA[Starting ChromeDriver 96.0.4664.45 (76e4c1bb2ab4671b8beba3444e61c0f17584b2fc-refs/branch-heads/4664@{#947}) on port 55377
Only local connections are allowed.
Please see https://chromedriver.chromium.org/security-considerations for suggestions on keeping ChromeDriver safe.
ChromeDriver was started successfully.
[1641902713.328][WARNING]: This version of ChromeDriver has not been tested with Chrome version 97.
Jan 11, 2022 5:35:13 PM org.openqa.selenium.remote.ProtocolHandshake createSession
INFO: Detected dialect: W3C
Jan 11, 2022 5:35:13 PM org.openqa.selenium.devtools.CdpVersionFinder findNearestMatch
WARNING: Unable to find an exact match for CDP version 97, so returning the closest version found: 96
Jan 11, 2022 5:35:13 PM org.openqa.selenium.devtools.CdpVersionFinder findNearestMatch
INFO: Found CDP implementation for version 97 of 96
]]></system-err>
  </testcase>
  <testcase name="runScenario[&quot;Validate Successful Login&quot;, &quot;Optional[WebDriver University - Login Page]&quot;](3)" classname="runners.MainRunner" time="4.177">
    <system-out><![CDATA[
@login @regression
Scenario: Validate Unsuccessful Login                            # features/Login.feature:14
  Given I access the webdriver university login page           # stepDefinitions.LoginSteps.i_access_the_webdriver_university_login_page()
  When I enter a username webdriver                            # stepDefinitions.LoginSteps.i_enter_a_username(java.lang.String)
  And I enter a password webdriver123                          # stepDefinitions.LoginSteps.i_enter_a_password(java.lang.String)
  And I click on the login button                              # stepDefinitions.LoginSteps.i_click_on_the_login_button()
  Then I should be presented with the successful login message # stepDefinitions.LoginSteps.i_should_be_presented_with_the_successful_login_message()
]]></system-out>
    <system-err><![CDATA[Starting ChromeDriver 96.0.4664.45 (76e4c1bb2ab4671b8beba3444e61c0f17584b2fc-refs/branch-heads/4664@{#947}) on port 59898
Only local connections are allowed.
Please see https://chromedriver.chromium.org/security-considerations for suggestions on keeping ChromeDriver safe.
ChromeDriver was started successfully.
[1641902717.793][WARNING]: This version of ChromeDriver has not been tested with Chrome version 97.
Jan 11, 2022 5:35:17 PM org.openqa.selenium.remote.ProtocolHandshake createSession
INFO: Detected dialect: W3C
Jan 11, 2022 5:35:17 PM org.openqa.selenium.devtools.CdpVersionFinder findNearestMatch
WARNING: Unable to find an exact match for CDP version 97, so returning the closest version found: 96
Jan 11, 2022 5:35:17 PM org.openqa.selenium.devtools.CdpVersionFinder findNearestMatch
INFO: Found CDP implementation for version 97 of 96
]]></system-err>
  </testcase>
  <testcase name="runScenario[&quot;Validate Unsuccessful Login&quot;, &quot;Optional[WebDriver University - Login Page]&quot;](4)" classname="runners.MainRunner" time="5.018">
    <system-out><![CDATA[
@login @regression
Scenario Outline: Validate - Successful & Unsuccessful Login                                  # features/Login.feature:28
  Given I access the webdriver university login page             # stepDefinitions.LoginSteps.i_access_the_webdriver_university_login_page()
  When I enter a username webdriver                              # stepDefinitions.LoginSteps.i_enter_a_username(java.lang.String)
  And I enter a password password1234                            # stepDefinitions.LoginSteps.i_enter_a_password(java.lang.String)
  And I click on the login button                                # stepDefinitions.LoginSteps.i_click_on_the_login_button()
  Then I should be presented with the unsuccessful login message # stepDefinitions.LoginSteps.i_should_be_presented_with_the_unsuccessful_login_message()
]]></system-out>
    <system-err><![CDATA[Starting ChromeDriver 96.0.4664.45 (76e4c1bb2ab4671b8beba3444e61c0f17584b2fc-refs/branch-heads/4664@{#947}) on port 51225
Only local connections are allowed.
Please see https://chromedriver.chromium.org/security-considerations for suggestions on keeping ChromeDriver safe.
ChromeDriver was started successfully.
[1641902721.801][WARNING]: This version of ChromeDriver has not been tested with Chrome version 97.
Jan 11, 2022 5:35:21 PM org.openqa.selenium.remote.ProtocolHandshake createSession
INFO: Detected dialect: W3C
Jan 11, 2022 5:35:21 PM org.openqa.selenium.devtools.CdpVersionFinder findNearestMatch
WARNING: Unable to find an exact match for CDP version 97, so returning the closest version found: 96
Jan 11, 2022 5:35:21 PM org.openqa.selenium.devtools.CdpVersionFinder findNearestMatch
INFO: Found CDP implementation for version 97 of 96
]]></system-err>
  </testcase>
  <testcase name="runScenario[&quot;Validate - Successful &amp; Unsuccessful Login&quot;, &quot;Optional[WebDriver University - Login Page]&quot;](5)" classname="runners.MainRunner" time="4.926">
    <failure message="expected [validation succeeded] but found [validation failed]" type="java.lang.AssertionError"><![CDATA[java.lang.AssertionError: expected [validation succeeded] but found [validation failed]
]]></failure>
    <system-out><![CDATA[
@login @regression
Scenario Outline: Validate - Successful & Unsuccessful Login                               # features/Login.feature:29
  Given I access the webdriver university login page                                          # stepDefinitions.LoginSteps.i_access_the_webdriver_university_login_page()
  When I enter a username webdriver1                                                          # stepDefinitions.LoginSteps.i_enter_a_username(java.lang.String)
  And I enter a password webdriver123                                                         # stepDefinitions.LoginSteps.i_enter_a_password(java.lang.String)
  And I click on the login button                                                             # stepDefinitions.LoginSteps.i_click_on_the_login_button()
  Then I should be presented with the following login validation message validation succeeded # stepDefinitions.LoginSteps.i_should_be_presented_with_the_following_login_validation_message(java.lang.String)
      java.lang.AssertionError: expected [validation succeeded] but found [validation failed]
	at org.testng.Assert.fail(Assert.java:99)
	at org.testng.Assert.failNotEquals(Assert.java:1037)
	at org.testng.Assert.assertEqualsImpl(Assert.java:140)
	at org.testng.Assert.assertEquals(Assert.java:122)
	at org.testng.Assert.assertEquals(Assert.java:629)
	at org.testng.Assert.assertEquals(Assert.java:639)
	at pageObjects.Base_PO.waitForAlert_And_ValidateText(Base_PO.java:71)
	at stepDefinitions.LoginSteps.i_should_be_presented_with_the_following_login_validation_message(LoginSteps.java:49)
	at âœ½.I should be presented with the following login validation message validation succeeded(classpath:features/Login.feature:24)

      org.openqa.selenium.UnhandledAlertException: unexpected alert open: {Alert text : validation failed}
  (Session info: chrome=97.0.4692.71): validation failed
Build info: version: '4.1.1', revision: 'e8fcc2cecf'
System info: host: 'DESKTOP-72NPBGM', ip: '192.168.1.112', os.name: 'Windows 10', os.arch: 'amd64', os.version: '10.0', java.version: '17.0.1'
Driver info: org.openqa.selenium.chrome.ChromeDriver
Command: [f9e063114f2bc1963ff2d965d3d6d7d5, screenshot {}]
Capabilities {acceptInsecureCerts: false, browserName: chrome, browserVersion: 97.0.4692.71, chrome: {chromedriverVersion: 96.0.4664.45 (76e4c1bb2ab46..., userDataDir: C:\Users\user\AppData\Local...}, goog:chromeOptions: {debuggerAddress: localhost:54496}, javascriptEnabled: true, networkConnectionEnabled: false, pageLoadStrategy: normal, platform: WINDOWS, platformName: WINDOWS, proxy: Proxy(), se:cdp: ws://localhost:54496/devtoo..., se:cdpVersion: 97.0.4692.71, setWindowRect: true, strictFileInteractability: false, timeouts: {implicit: 0, pageLoad: 300000, script: 30000}, unhandledPromptBehavior: dismiss and notify, webauthn:extension:credBlob: true, webauthn:extension:largeBlob: true, webauthn:virtualAuthenticators: true}
Session ID: f9e063114f2bc1963ff2d965d3d6d7d5
	at org.openqa.selenium.remote.codec.w3c.W3CHttpResponseCodec.decode(W3CHttpResponseCodec.java:131)
	at org.openqa.selenium.remote.codec.w3c.W3CHttpResponseCodec.decode(W3CHttpResponseCodec.java:53)
	at org.openqa.selenium.remote.HttpCommandExecutor.execute(HttpCommandExecutor.java:184)
	at org.openqa.selenium.remote.service.DriverCommandExecutor.invokeExecute(DriverCommandExecutor.java:167)
	at org.openqa.selenium.remote.service.DriverCommandExecutor.execute(DriverCommandExecutor.java:142)
	at org.openqa.selenium.remote.RemoteWebDriver.execute(RemoteWebDriver.java:543)
	at org.openqa.selenium.remote.RemoteWebDriver.execute(RemoteWebDriver.java:598)
	at org.openqa.selenium.remote.RemoteWebDriver.execute(RemoteWebDriver.java:602)
	at org.openqa.selenium.remote.RemoteWebDriver.getScreenshotAs(RemoteWebDriver.java:333)
	at stepDefinitions.base.Hooks.captureExceptionImage(Hooks.java:28)

]]></system-out>
    <system-err><![CDATA[Starting ChromeDriver 96.0.4664.45 (76e4c1bb2ab4671b8beba3444e61c0f17584b2fc-refs/branch-heads/4664@{#947}) on port 53645
Only local connections are allowed.
Please see https://chromedriver.chromium.org/security-considerations for suggestions on keeping ChromeDriver safe.
ChromeDriver was started successfully.
[1641902726.534][WARNING]: This version of ChromeDriver has not been tested with Chrome version 97.
Jan 11, 2022 5:35:26 PM org.openqa.selenium.remote.ProtocolHandshake createSession
INFO: Detected dialect: W3C
Jan 11, 2022 5:35:26 PM org.openqa.selenium.devtools.CdpVersionFinder findNearestMatch
WARNING: Unable to find an exact match for CDP version 97, so returning the closest version found: 96
Jan 11, 2022 5:35:26 PM org.openqa.selenium.devtools.CdpVersionFinder findNearestMatch
INFO: Found CDP implementation for version 97 of 96
]]></system-err>
  </testcase>
  <testcase name="runScenario[&quot;Validate - Successful &amp; Unsuccessful Login&quot;, &quot;Optional[WebDriver University - Login Page]&quot;](6)" classname="runners.MainRunner" time="2.975">
    <system-out><![CDATA[
@login @regression
Scenario Outline: Validate - Successful & Unsuccessful Login                               # features/Login.feature:30
  Given I access the webdriver university login page                                       # stepDefinitions.LoginSteps.i_access_the_webdriver_university_login_page()
  When I enter a username webdriver                                                        # stepDefinitions.LoginSteps.i_enter_a_username(java.lang.String)
  And I enter a password webdriver                                                         # stepDefinitions.LoginSteps.i_enter_a_password(java.lang.String)
  And I click on the login button                                                          # stepDefinitions.LoginSteps.i_click_on_the_login_button()
  Then I should be presented with the following login validation message validation failed # stepDefinitions.LoginSteps.i_should_be_presented_with_the_following_login_validation_message(java.lang.String)
]]></system-out>
    <system-err><![CDATA[Starting ChromeDriver 96.0.4664.45 (76e4c1bb2ab4671b8beba3444e61c0f17584b2fc-refs/branch-heads/4664@{#947}) on port 54686
Only local connections are allowed.
Please see https://chromedriver.chromium.org/security-considerations for suggestions on keeping ChromeDriver safe.
ChromeDriver was started successfully.
[1641902732.363][WARNING]: This version of ChromeDriver has not been tested with Chrome version 97.
Jan 11, 2022 5:35:32 PM org.openqa.selenium.remote.ProtocolHandshake createSession
INFO: Detected dialect: W3C
Jan 11, 2022 5:35:32 PM org.openqa.selenium.devtools.CdpVersionFinder findNearestMatch
WARNING: Unable to find an exact match for CDP version 97, so returning the closest version found: 96
Jan 11, 2022 5:35:32 PM org.openqa.selenium.devtools.CdpVersionFinder findNearestMatch
INFO: Found CDP implementation for version 97 of 96
]]></system-err>
  </testcase>
  <testcase name="runScenario[&quot;Validate - Successful &amp; Unsuccessful Login&quot;, &quot;Optional[WebDriver University - Login Page]&quot;](7)" classname="runners.MainRunner" time="10.212">
    <system-out><![CDATA[  Given I access the webdriver university login page                                       # stepDefinitions.LoginSteps.i_access_the_webdriver_university_login_page()
  When I enter a username joe_blogs                                                        # stepDefinitions.LoginSteps.i_enter_a_username(java.lang.String)
  And I enter a password password1                                                         # stepDefinitions.LoginSteps.i_enter_a_password(java.lang.String)
  And I click on the login button                                                          # stepDefinitions.LoginSteps.i_click_on_the_login_button()
  Then I should be presented with the following login validation message validation failed # stepDefinitions.LoginSteps.i_should_be_presented_with_the_following_login_validation_message(java.lang.String)
]]></system-out>
  </testcase>
</testsuite>